<?xml version="1.0" encoding="UTF-8"?>
<testsuite name="com.seong.springboot.web.HelloControllerTest" tests="1" skipped="0" failures="0" errors="0" timestamp="2021-05-17T09:42:37" hostname="DESKTOP-EK65AIO" time="0.204">
  <properties/>
  <testcase name="helloDto가_리턴된다" classname="com.seong.springboot.web.HelloControllerTest" time="0.204"/>
  <system-out><![CDATA[2021-05-17 18:42:34.002  INFO 19128 --- [    Test worker] .b.t.a.w.s.WebMvcTestContextBootstrapper : Neither @ContextConfiguration nor @ContextHierarchy found for test class [com.seong.springboot.web.HelloControllerTest], using SpringBootContextLoader
2021-05-17 18:42:34.003  INFO 19128 --- [    Test worker] o.s.t.c.support.AbstractContextLoader    : Could not detect default resource locations for test class [com.seong.springboot.web.HelloControllerTest]: no resource found for suffixes {-context.xml, Context.groovy}.
2021-05-17 18:42:34.003  INFO 19128 --- [    Test worker] t.c.s.AnnotationConfigContextLoaderUtils : Could not detect default configuration classes for test class [com.seong.springboot.web.HelloControllerTest]: HelloControllerTest does not declare any static, non-private, non-final, nested classes annotated with @Configuration.
2021-05-17 18:42:34.036  INFO 19128 --- [    Test worker] .b.t.c.SpringBootTestContextBootstrapper : Found @SpringBootConfiguration com.seong.springboot.Application for test class com.seong.springboot.web.HelloControllerTest
2021-05-17 18:42:34.040  INFO 19128 --- [    Test worker] .b.t.a.w.s.WebMvcTestContextBootstrapper : Loaded default TestExecutionListener class names from location [META-INF/spring.factories]: [org.springframework.security.test.context.support.WithSecurityContextTestExecutionListener, org.springframework.security.test.context.support.ReactorContextTestExecutionListener, org.springframework.boot.test.autoconfigure.restdocs.RestDocsTestExecutionListener, org.springframework.boot.test.autoconfigure.web.client.MockRestServiceServerResetTestExecutionListener, org.springframework.boot.test.autoconfigure.web.servlet.MockMvcPrintOnlyOnFailureTestExecutionListener, org.springframework.boot.test.autoconfigure.web.servlet.WebDriverTestExecutionListener, org.springframework.boot.test.mock.mockito.MockitoTestExecutionListener, org.springframework.boot.test.mock.mockito.ResetMocksTestExecutionListener, org.springframework.test.context.web.ServletTestExecutionListener, org.springframework.test.context.support.DirtiesContextBeforeModesTestExecutionListener, org.springframework.test.context.support.DependencyInjectionTestExecutionListener, org.springframework.test.context.support.DirtiesContextTestExecutionListener, org.springframework.test.context.transaction.TransactionalTestExecutionListener, org.springframework.test.context.jdbc.SqlScriptsTestExecutionListener]
2021-05-17 18:42:34.050  INFO 19128 --- [    Test worker] .b.t.a.w.s.WebMvcTestContextBootstrapper : Using TestExecutionListeners: [org.springframework.test.context.web.ServletTestExecutionListener@6ce4bcc3, org.springframework.test.context.support.DirtiesContextBeforeModesTestExecutionListener@391d3821, org.springframework.boot.test.mock.mockito.MockitoTestExecutionListener@41fde86f, org.springframework.boot.test.autoconfigure.SpringBootDependencyInjectionTestExecutionListener@1139a8f8, org.springframework.test.context.support.DirtiesContextTestExecutionListener@58720cb8, org.springframework.test.context.transaction.TransactionalTestExecutionListener@8feeba7, org.springframework.test.context.jdbc.SqlScriptsTestExecutionListener@26eec447, org.springframework.security.test.context.support.WithSecurityContextTestExecutionListener@7a4cc60a, org.springframework.security.test.context.support.ReactorContextTestExecutionListener@32931237, org.springframework.boot.test.autoconfigure.restdocs.RestDocsTestExecutionListener@4dcf7411, org.springframework.boot.test.autoconfigure.web.client.MockRestServiceServerResetTestExecutionListener@1dd34d13, org.springframework.boot.test.autoconfigure.web.servlet.MockMvcPrintOnlyOnFailureTestExecutionListener@1b3b435, org.springframework.boot.test.autoconfigure.web.servlet.WebDriverTestExecutionListener@2b9b0c9e, org.springframework.boot.test.mock.mockito.ResetMocksTestExecutionListener@1dc28a00]

  .   ____          _            __ _ _
 /\\ / ___'_ __ _ _(_)_ __  __ _ \ \ \ \
( ( )\___ | '_ | '_| | '_ \/ _` | \ \ \ \
 \\/  ___)| |_)| | | | | || (_| |  ) ) ) )
  '  |____| .__|_| |_|_| |_\__, | / / / /
 =========|_|==============|___/=/_/_/_/
 :: Spring Boot ::        (v2.1.7.RELEASE)

2021-05-17 18:42:34.484  INFO 19128 --- [    Test worker] c.s.springboot.web.HelloControllerTest   : Starting HelloControllerTest on DESKTOP-EK65AIO with PID 19128 (started by ms in C:\Users\ms\Desktop\spring\springboot-webservice)
2021-05-17 18:42:34.494  INFO 19128 --- [    Test worker] c.s.springboot.web.HelloControllerTest   : No active profile set, falling back to default profiles: default
2021-05-17 18:42:37.335  INFO 19128 --- [    Test worker] o.s.s.concurrent.ThreadPoolTaskExecutor  : Initializing ExecutorService 'applicationTaskExecutor'
2021-05-17 18:42:37.446  INFO 19128 --- [    Test worker] o.s.b.a.w.s.WelcomePageHandlerMapping    : Adding welcome page template: index
2021-05-17 18:42:37.758  INFO 19128 --- [    Test worker] o.s.b.t.m.w.SpringBootMockServletContext : Initializing Spring TestDispatcherServlet ''
2021-05-17 18:42:37.758  INFO 19128 --- [    Test worker] o.s.t.web.servlet.TestDispatcherServlet  : Initializing Servlet ''
2021-05-17 18:42:37.831  INFO 19128 --- [    Test worker] o.s.t.web.servlet.TestDispatcherServlet  : Completed initialization in 73 ms
2021-05-17 18:42:37.867  INFO 19128 --- [    Test worker] c.s.springboot.web.HelloControllerTest   : Started HelloControllerTest in 3.782 seconds (JVM running for 30.485)
]]></system-out>
  <system-err><![CDATA[]]></system-err>
</testsuite>
