<?xml version="1.0" encoding="UTF-8"?>
<testsuite name="com.seong.springboot.web.HelloControllerTest" tests="1" skipped="0" failures="0" errors="0" timestamp="2021-05-11T08:06:46" hostname="DESKTOP-EK65AIO" time="0.158">
  <properties/>
  <testcase name="helloDto가_리턴된다" classname="com.seong.springboot.web.HelloControllerTest" time="0.158"/>
  <system-out><![CDATA[2021-05-11 17:06:45.643  INFO 4584 --- [    Test worker] .b.t.a.w.s.WebMvcTestContextBootstrapper : Neither @ContextConfiguration nor @ContextHierarchy found for test class [com.seong.springboot.web.HelloControllerTest], using SpringBootContextLoader
2021-05-11 17:06:45.645  INFO 4584 --- [    Test worker] o.s.t.c.support.AbstractContextLoader    : Could not detect default resource locations for test class [com.seong.springboot.web.HelloControllerTest]: no resource found for suffixes {-context.xml, Context.groovy}.
2021-05-11 17:06:45.645  INFO 4584 --- [    Test worker] t.c.s.AnnotationConfigContextLoaderUtils : Could not detect default configuration classes for test class [com.seong.springboot.web.HelloControllerTest]: HelloControllerTest does not declare any static, non-private, non-final, nested classes annotated with @Configuration.
2021-05-11 17:06:45.673  INFO 4584 --- [    Test worker] .b.t.c.SpringBootTestContextBootstrapper : Found @SpringBootConfiguration com.seong.springboot.Application for test class com.seong.springboot.web.HelloControllerTest
2021-05-11 17:06:45.674  INFO 4584 --- [    Test worker] .b.t.a.w.s.WebMvcTestContextBootstrapper : Loaded default TestExecutionListener class names from location [META-INF/spring.factories]: [org.springframework.security.test.context.support.WithSecurityContextTestExecutionListener, org.springframework.security.test.context.support.ReactorContextTestExecutionListener, org.springframework.boot.test.autoconfigure.restdocs.RestDocsTestExecutionListener, org.springframework.boot.test.autoconfigure.web.client.MockRestServiceServerResetTestExecutionListener, org.springframework.boot.test.autoconfigure.web.servlet.MockMvcPrintOnlyOnFailureTestExecutionListener, org.springframework.boot.test.autoconfigure.web.servlet.WebDriverTestExecutionListener, org.springframework.boot.test.mock.mockito.MockitoTestExecutionListener, org.springframework.boot.test.mock.mockito.ResetMocksTestExecutionListener, org.springframework.test.context.web.ServletTestExecutionListener, org.springframework.test.context.support.DirtiesContextBeforeModesTestExecutionListener, org.springframework.test.context.support.DependencyInjectionTestExecutionListener, org.springframework.test.context.support.DirtiesContextTestExecutionListener, org.springframework.test.context.transaction.TransactionalTestExecutionListener, org.springframework.test.context.jdbc.SqlScriptsTestExecutionListener]
2021-05-11 17:06:45.676  INFO 4584 --- [    Test worker] .b.t.a.w.s.WebMvcTestContextBootstrapper : Using TestExecutionListeners: [org.springframework.test.context.web.ServletTestExecutionListener@c223ec2, org.springframework.test.context.support.DirtiesContextBeforeModesTestExecutionListener@27029aee, org.springframework.boot.test.mock.mockito.MockitoTestExecutionListener@1da8bda0, org.springframework.boot.test.autoconfigure.SpringBootDependencyInjectionTestExecutionListener@6c6d11d1, org.springframework.test.context.support.DirtiesContextTestExecutionListener@7124e6b0, org.springframework.test.context.transaction.TransactionalTestExecutionListener@42c2c790, org.springframework.test.context.jdbc.SqlScriptsTestExecutionListener@1adf27d5, org.springframework.security.test.context.support.WithSecurityContextTestExecutionListener@1e384ec6, org.springframework.security.test.context.support.ReactorContextTestExecutionListener@48ff2ad7, org.springframework.boot.test.autoconfigure.restdocs.RestDocsTestExecutionListener@1cd59a1f, org.springframework.boot.test.autoconfigure.web.client.MockRestServiceServerResetTestExecutionListener@7f57e7df, org.springframework.boot.test.autoconfigure.web.servlet.MockMvcPrintOnlyOnFailureTestExecutionListener@2345c88d, org.springframework.boot.test.autoconfigure.web.servlet.WebDriverTestExecutionListener@125de7a0, org.springframework.boot.test.mock.mockito.ResetMocksTestExecutionListener@22688296]

  .   ____          _            __ _ _
 /\\ / ___'_ __ _ _(_)_ __  __ _ \ \ \ \
( ( )\___ | '_ | '_| | '_ \/ _` | \ \ \ \
 \\/  ___)| |_)| | | | | || (_| |  ) ) ) )
  '  |____| .__|_| |_|_| |_\__, | / / / /
 =========|_|==============|___/=/_/_/_/
 :: Spring Boot ::        (v2.1.7.RELEASE)

2021-05-11 17:06:45.732  INFO 4584 --- [    Test worker] c.s.springboot.web.HelloControllerTest   : Starting HelloControllerTest on DESKTOP-EK65AIO with PID 4584 (started by ms in C:\Users\ms\Desktop\spring\springboot-webservice)
2021-05-11 17:06:45.733  INFO 4584 --- [    Test worker] c.s.springboot.web.HelloControllerTest   : No active profile set, falling back to default profiles: default
2021-05-11 17:06:46.670  INFO 4584 --- [    Test worker] o.s.s.concurrent.ThreadPoolTaskExecutor  : Initializing ExecutorService 'applicationTaskExecutor'
2021-05-11 17:06:46.720  INFO 4584 --- [    Test worker] o.s.b.a.w.s.WelcomePageHandlerMapping    : Adding welcome page template: index
2021-05-11 17:06:46.906  INFO 4584 --- [    Test worker] o.s.b.t.m.w.SpringBootMockServletContext : Initializing Spring TestDispatcherServlet ''
2021-05-11 17:06:46.906  INFO 4584 --- [    Test worker] o.s.t.web.servlet.TestDispatcherServlet  : Initializing Servlet ''
2021-05-11 17:06:46.924  INFO 4584 --- [    Test worker] o.s.t.web.servlet.TestDispatcherServlet  : Completed initialization in 18 ms
2021-05-11 17:06:46.949  INFO 4584 --- [    Test worker] c.s.springboot.web.HelloControllerTest   : Started HelloControllerTest in 1.27 seconds (JVM running for 13.312)
]]></system-out>
  <system-err><![CDATA[]]></system-err>
</testsuite>
