<?xml version="1.0" encoding="UTF-8"?>
<testsuite name="com.seong.springboot.web.dto.HelloResponseDtoTest" tests="1" skipped="0" failures="0" errors="0" timestamp="2021-04-12T07:26:30" hostname="DESKTOP-EK65AIO" time="1.781">
  <properties/>
  <testcase name="롬북_기능_테스트" classname="com.seong.springboot.web.dto.HelloResponseDtoTest" time="1.781"/>
  <system-out><![CDATA[]]></system-out>
  <system-err><![CDATA[]]></system-err>
</testsuite>
