<?xml version="1.0" encoding="UTF-8"?>
<testsuite name="com.seong.springboot.web.dto.HelloResponseDtoTest" tests="1" skipped="0" failures="0" errors="0" timestamp="2021-05-17T09:42:33" hostname="DESKTOP-EK65AIO" time="0.004">
  <properties/>
  <testcase name="롬북_기능_테스트" classname="com.seong.springboot.web.dto.HelloResponseDtoTest" time="0.004"/>
  <system-out><![CDATA[]]></system-out>
  <system-err><![CDATA[]]></system-err>
</testsuite>
