<?xml version="1.0" encoding="UTF-8"?>
<testsuite name="com.seong.springboot.web.PostsApiControllerTest" tests="2" skipped="0" failures="0" errors="0" timestamp="2021-05-11T07:31:21" hostname="DESKTOP-EK65AIO" time="0.55">
  <properties/>
  <testcase name="Posts_등록된다" classname="com.seong.springboot.web.PostsApiControllerTest" time="0.517"/>
  <testcase name="Posts_수정된다" classname="com.seong.springboot.web.PostsApiControllerTest" time="0.031"/>
  <system-out><![CDATA[16:31:10.819 [Test worker] DEBUG org.springframework.test.context.junit4.SpringJUnit4ClassRunner - SpringJUnit4ClassRunner constructor called with [class com.seong.springboot.web.PostsApiControllerTest]
16:31:10.829 [Test worker] DEBUG org.springframework.test.context.BootstrapUtils - Instantiating CacheAwareContextLoaderDelegate from class [org.springframework.test.context.cache.DefaultCacheAwareContextLoaderDelegate]
16:31:10.841 [Test worker] DEBUG org.springframework.test.context.BootstrapUtils - Instantiating BootstrapContext using constructor [public org.springframework.test.context.support.DefaultBootstrapContext(java.lang.Class,org.springframework.test.context.CacheAwareContextLoaderDelegate)]
16:31:10.861 [Test worker] DEBUG org.springframework.test.context.BootstrapUtils - Instantiating TestContextBootstrapper for test class [com.seong.springboot.web.PostsApiControllerTest] from class [org.springframework.boot.test.context.SpringBootTestContextBootstrapper]
16:31:10.873 [Test worker] INFO org.springframework.boot.test.context.SpringBootTestContextBootstrapper - Neither @ContextConfiguration nor @ContextHierarchy found for test class [com.seong.springboot.web.PostsApiControllerTest], using SpringBootContextLoader
16:31:10.879 [Test worker] DEBUG org.springframework.test.context.support.AbstractContextLoader - Did not detect default resource location for test class [com.seong.springboot.web.PostsApiControllerTest]: class path resource [com/seong/springboot/web/PostsApiControllerTest-context.xml] does not exist
16:31:10.880 [Test worker] DEBUG org.springframework.test.context.support.AbstractContextLoader - Did not detect default resource location for test class [com.seong.springboot.web.PostsApiControllerTest]: class path resource [com/seong/springboot/web/PostsApiControllerTestContext.groovy] does not exist
16:31:10.880 [Test worker] INFO org.springframework.test.context.support.AbstractContextLoader - Could not detect default resource locations for test class [com.seong.springboot.web.PostsApiControllerTest]: no resource found for suffixes {-context.xml, Context.groovy}.
16:31:10.882 [Test worker] INFO org.springframework.test.context.support.AnnotationConfigContextLoaderUtils - Could not detect default configuration classes for test class [com.seong.springboot.web.PostsApiControllerTest]: PostsApiControllerTest does not declare any static, non-private, non-final, nested classes annotated with @Configuration.
16:31:10.952 [Test worker] DEBUG org.springframework.test.context.support.ActiveProfilesUtils - Could not find an 'annotation declaring class' for annotation type [org.springframework.test.context.ActiveProfiles] and class [com.seong.springboot.web.PostsApiControllerTest]
16:31:11.095 [Test worker] DEBUG org.springframework.context.annotation.ClassPathScanningCandidateComponentProvider - Identified candidate component class: file [C:\Users\ms\Desktop\spring\springboot-webservice\build\classes\java\main\com\seong\springboot\Application.class]
16:31:11.097 [Test worker] INFO org.springframework.boot.test.context.SpringBootTestContextBootstrapper - Found @SpringBootConfiguration com.seong.springboot.Application for test class com.seong.springboot.web.PostsApiControllerTest
16:31:11.232 [Test worker] DEBUG org.springframework.boot.test.context.SpringBootTestContextBootstrapper - @TestExecutionListeners is not present for class [com.seong.springboot.web.PostsApiControllerTest]: using defaults.
16:31:11.233 [Test worker] INFO org.springframework.boot.test.context.SpringBootTestContextBootstrapper - Loaded default TestExecutionListener class names from location [META-INF/spring.factories]: [org.springframework.security.test.context.support.WithSecurityContextTestExecutionListener, org.springframework.security.test.context.support.ReactorContextTestExecutionListener, org.springframework.boot.test.autoconfigure.restdocs.RestDocsTestExecutionListener, org.springframework.boot.test.autoconfigure.web.client.MockRestServiceServerResetTestExecutionListener, org.springframework.boot.test.autoconfigure.web.servlet.MockMvcPrintOnlyOnFailureTestExecutionListener, org.springframework.boot.test.autoconfigure.web.servlet.WebDriverTestExecutionListener, org.springframework.boot.test.mock.mockito.MockitoTestExecutionListener, org.springframework.boot.test.mock.mockito.ResetMocksTestExecutionListener, org.springframework.test.context.web.ServletTestExecutionListener, org.springframework.test.context.support.DirtiesContextBeforeModesTestExecutionListener, org.springframework.test.context.support.DependencyInjectionTestExecutionListener, org.springframework.test.context.support.DirtiesContextTestExecutionListener, org.springframework.test.context.transaction.TransactionalTestExecutionListener, org.springframework.test.context.jdbc.SqlScriptsTestExecutionListener]
16:31:11.261 [Test worker] INFO org.springframework.boot.test.context.SpringBootTestContextBootstrapper - Using TestExecutionListeners: [org.springframework.test.context.web.ServletTestExecutionListener@265f557b, org.springframework.test.context.support.DirtiesContextBeforeModesTestExecutionListener@7a736620, org.springframework.boot.test.mock.mockito.MockitoTestExecutionListener@27135de0, org.springframework.boot.test.autoconfigure.SpringBootDependencyInjectionTestExecutionListener@2e579921, org.springframework.test.context.support.DirtiesContextTestExecutionListener@727fe51d, org.springframework.test.context.transaction.TransactionalTestExecutionListener@13dcdf14, org.springframework.test.context.jdbc.SqlScriptsTestExecutionListener@2e1d7cd2, org.springframework.security.test.context.support.WithSecurityContextTestExecutionListener@3c1176a1, org.springframework.security.test.context.support.ReactorContextTestExecutionListener@314b3b33, org.springframework.boot.test.autoconfigure.restdocs.RestDocsTestExecutionListener@449a7671, org.springframework.boot.test.autoconfigure.web.client.MockRestServiceServerResetTestExecutionListener@1a469dc, org.springframework.boot.test.autoconfigure.web.servlet.MockMvcPrintOnlyOnFailureTestExecutionListener@3637a337, org.springframework.boot.test.autoconfigure.web.servlet.WebDriverTestExecutionListener@5e4d8461, org.springframework.boot.test.mock.mockito.ResetMocksTestExecutionListener@49f35827]
16:31:11.265 [Test worker] DEBUG org.springframework.test.annotation.ProfileValueUtils - Retrieved @ProfileValueSourceConfiguration [null] for test class [com.seong.springboot.web.PostsApiControllerTest]
16:31:11.266 [Test worker] DEBUG org.springframework.test.annotation.ProfileValueUtils - Retrieved ProfileValueSource type [class org.springframework.test.annotation.SystemProfileValueSource] for class [com.seong.springboot.web.PostsApiControllerTest]
16:31:11.267 [Test worker] DEBUG org.springframework.test.annotation.ProfileValueUtils - Retrieved @ProfileValueSourceConfiguration [null] for test class [com.seong.springboot.web.PostsApiControllerTest]
16:31:11.268 [Test worker] DEBUG org.springframework.test.annotation.ProfileValueUtils - Retrieved ProfileValueSource type [class org.springframework.test.annotation.SystemProfileValueSource] for class [com.seong.springboot.web.PostsApiControllerTest]
16:31:11.276 [Test worker] DEBUG org.springframework.test.context.support.AbstractDirtiesContextTestExecutionListener - Before test class: context [DefaultTestContext@7b8fcfb8 testClass = PostsApiControllerTest, testInstance = [null], testMethod = [null], testException = [null], mergedContextConfiguration = [WebMergedContextConfiguration@590e4d77 testClass = PostsApiControllerTest, locations = '{}', classes = '{class com.seong.springboot.Application}', contextInitializerClasses = '[]', activeProfiles = '{}', propertySourceLocations = '{}', propertySourceProperties = '{org.springframework.boot.test.context.SpringBootTestContextBootstrapper=true, server.port=0}', contextCustomizers = set[org.springframework.boot.test.autoconfigure.properties.PropertyMappingContextCustomizer@0, org.springframework.boot.test.autoconfigure.web.servlet.WebDriverContextCustomizerFactory$Customizer@39982e2e, org.springframework.boot.test.context.filter.ExcludeFilterContextCustomizer@325d277b, org.springframework.boot.test.json.DuplicateJsonObjectContextCustomizerFactory$DuplicateJsonObjectContextCustomizer@47987d66, org.springframework.boot.test.mock.mockito.MockitoContextCustomizer@89d6f97a, org.springframework.boot.test.web.client.TestRestTemplateContextCustomizer@1a75f67d], resourceBasePath = 'src/main/webapp', contextLoader = 'org.springframework.boot.test.context.SpringBootContextLoader', parent = [null]], attributes = map['org.springframework.test.context.web.ServletTestExecutionListener.activateListener' -> false]], class annotated with @DirtiesContext [false] with mode [null].
16:31:11.276 [Test worker] DEBUG org.springframework.test.annotation.ProfileValueUtils - Retrieved @ProfileValueSourceConfiguration [null] for test class [com.seong.springboot.web.PostsApiControllerTest]
16:31:11.276 [Test worker] DEBUG org.springframework.test.annotation.ProfileValueUtils - Retrieved ProfileValueSource type [class org.springframework.test.annotation.SystemProfileValueSource] for class [com.seong.springboot.web.PostsApiControllerTest]
16:31:11.311 [Test worker] DEBUG org.springframework.test.context.support.TestPropertySourceUtils - Adding inlined properties to environment: {spring.jmx.enabled=false, org.springframework.boot.test.context.SpringBootTestContextBootstrapper=true, server.port=0}

  .   ____          _            __ _ _
 /\\ / ___'_ __ _ _(_)_ __  __ _ \ \ \ \
( ( )\___ | '_ | '_| | '_ \/ _` | \ \ \ \
 \\/  ___)| |_)| | | | | || (_| |  ) ) ) )
  '  |____| .__|_| |_|_| |_\__, | / / / /
 =========|_|==============|___/=/_/_/_/
 :: Spring Boot ::        (v2.1.7.RELEASE)

2021-05-11 16:31:11.744  INFO 20128 --- [    Test worker] c.s.s.web.PostsApiControllerTest         : Starting PostsApiControllerTest on DESKTOP-EK65AIO with PID 20128 (started by ms in C:\Users\ms\Desktop\spring\springboot-webservice)
2021-05-11 16:31:11.745  INFO 20128 --- [    Test worker] c.s.s.web.PostsApiControllerTest         : No active profile set, falling back to default profiles: default
2021-05-11 16:31:13.067  INFO 20128 --- [    Test worker] .s.d.r.c.RepositoryConfigurationDelegate : Bootstrapping Spring Data repositories in DEFAULT mode.
2021-05-11 16:31:13.181  INFO 20128 --- [    Test worker] .s.d.r.c.RepositoryConfigurationDelegate : Finished Spring Data repository scanning in 100ms. Found 2 repository interfaces.
2021-05-11 16:31:14.700  INFO 20128 --- [    Test worker] trationDelegate$BeanPostProcessorChecker : Bean 'org.springframework.transaction.annotation.ProxyTransactionManagementConfiguration' of type [org.springframework.transaction.annotation.ProxyTransactionManagementConfiguration$$EnhancerBySpringCGLIB$$d1c01906] is not eligible for getting processed by all BeanPostProcessors (for example: not eligible for auto-proxying)
2021-05-11 16:31:15.312  INFO 20128 --- [    Test worker] o.s.b.w.embedded.tomcat.TomcatWebServer  : Tomcat initialized with port(s): 0 (http)
2021-05-11 16:31:15.352  INFO 20128 --- [    Test worker] o.apache.catalina.core.StandardService   : Starting service [Tomcat]
2021-05-11 16:31:15.353  INFO 20128 --- [    Test worker] org.apache.catalina.core.StandardEngine  : Starting Servlet engine: [Apache Tomcat/9.0.22]
2021-05-11 16:31:15.607  INFO 20128 --- [    Test worker] o.a.c.c.C.[Tomcat].[localhost].[/]       : Initializing Spring embedded WebApplicationContext
2021-05-11 16:31:15.607  INFO 20128 --- [    Test worker] o.s.web.context.ContextLoader            : Root WebApplicationContext: initialization completed in 3830 ms
2021-05-11 16:31:16.094  INFO 20128 --- [    Test worker] com.zaxxer.hikari.HikariDataSource       : HikariPool-1 - Starting...
2021-05-11 16:31:16.357  INFO 20128 --- [    Test worker] com.zaxxer.hikari.HikariDataSource       : HikariPool-1 - Start completed.
2021-05-11 16:31:16.546  INFO 20128 --- [    Test worker] o.hibernate.jpa.internal.util.LogHelper  : HHH000204: Processing PersistenceUnitInfo [
	name: default
	...]
2021-05-11 16:31:16.694  INFO 20128 --- [    Test worker] org.hibernate.Version                    : HHH000412: Hibernate Core {5.3.10.Final}
2021-05-11 16:31:16.697  INFO 20128 --- [    Test worker] org.hibernate.cfg.Environment            : HHH000206: hibernate.properties not found
2021-05-11 16:31:16.785  INFO 20128 --- [    Test worker] o.hibernate.annotations.common.Version   : HCANN000001: Hibernate Commons Annotations {5.0.4.Final}
2021-05-11 16:31:17.147  INFO 20128 --- [    Test worker] org.hibernate.dialect.Dialect            : HHH000400: Using dialect: org.hibernate.dialect.MySQL5InnoDBDialect
Hibernate: drop table if exists posts
Hibernate: drop table if exists user
Hibernate: create table posts (id bigint not null auto_increment, create_date datetime, modified_date datetime, author varchar(255), content TEXT not null, title varchar(500) not null, primary key (id)) engine=InnoDB
Hibernate: create table user (id bigint not null auto_increment, create_date datetime, modified_date datetime, email varchar(255) not null, name varchar(255) not null, picture varchar(255), role varchar(255) not null, primary key (id)) engine=InnoDB
2021-05-11 16:31:18.003  INFO 20128 --- [    Test worker] o.h.t.schema.internal.SchemaCreatorImpl  : HHH000476: Executing import script 'org.hibernate.tool.schema.internal.exec.ScriptSourceInputNonExistentImpl@24dbc36e'
2021-05-11 16:31:18.009  INFO 20128 --- [    Test worker] j.LocalContainerEntityManagerFactoryBean : Initialized JPA EntityManagerFactory for persistence unit 'default'
2021-05-11 16:31:18.930  INFO 20128 --- [    Test worker] o.h.h.i.QueryTranslatorFactoryInitiator  : HHH000397: Using ASTQueryTranslatorFactory
2021-05-11 16:31:19.676  INFO 20128 --- [    Test worker] o.s.s.web.DefaultSecurityFilterChain     : Creating filter chain: any request, [org.springframework.security.web.context.request.async.WebAsyncManagerIntegrationFilter@194ff82e, org.springframework.security.web.context.SecurityContextPersistenceFilter@6b56be88, org.springframework.security.web.header.HeaderWriterFilter@5196cbfa, org.springframework.security.web.authentication.logout.LogoutFilter@6b7c5b10, org.springframework.security.oauth2.client.web.OAuth2AuthorizationRequestRedirectFilter@618cdbbf, org.springframework.security.oauth2.client.web.OAuth2LoginAuthenticationFilter@3d33e282, org.springframework.security.web.authentication.ui.DefaultLoginPageGeneratingFilter@1dd615e3, org.springframework.security.web.authentication.ui.DefaultLogoutPageGeneratingFilter@15defa5e, org.springframework.security.web.savedrequest.RequestCacheAwareFilter@2164382e, org.springframework.security.web.servletapi.SecurityContextHolderAwareRequestFilter@750da150, org.springframework.security.web.authentication.AnonymousAuthenticationFilter@1b418bde, org.springframework.security.web.session.SessionManagementFilter@5b1a465d, org.springframework.security.web.access.ExceptionTranslationFilter@145b37c5, org.springframework.security.web.access.intercept.FilterSecurityInterceptor@445695f6]
2021-05-11 16:31:20.301  INFO 20128 --- [    Test worker] o.s.s.concurrent.ThreadPoolTaskExecutor  : Initializing ExecutorService 'applicationTaskExecutor'
2021-05-11 16:31:20.385  WARN 20128 --- [    Test worker] aWebConfiguration$JpaWebMvcConfiguration : spring.jpa.open-in-view is enabled by default. Therefore, database queries may be performed during view rendering. Explicitly configure spring.jpa.open-in-view to disable this warning
2021-05-11 16:31:20.457  INFO 20128 --- [    Test worker] o.s.b.a.w.s.WelcomePageHandlerMapping    : Adding welcome page template: index
2021-05-11 16:31:21.078  INFO 20128 --- [    Test worker] s.a.ScheduledAnnotationBeanPostProcessor : No TaskScheduler/ScheduledExecutorService bean found for scheduled processing
2021-05-11 16:31:21.122  INFO 20128 --- [    Test worker] o.s.b.w.embedded.tomcat.TomcatWebServer  : Tomcat started on port(s): 2559 (http) with context path ''
2021-05-11 16:31:21.126  INFO 20128 --- [    Test worker] c.s.s.web.PostsApiControllerTest         : Started PostsApiControllerTest in 9.811 seconds (JVM running for 12.125)
2021-05-11 16:31:21.194  INFO 20128 --- [    Test worker] o.a.c.c.C.[Tomcat].[localhost].[/]       : Initializing Spring TestDispatcherServlet ''
2021-05-11 16:31:21.194  INFO 20128 --- [    Test worker] o.s.t.web.servlet.TestDispatcherServlet  : Initializing Servlet ''
2021-05-11 16:31:21.222  INFO 20128 --- [    Test worker] o.s.t.web.servlet.TestDispatcherServlet  : Completed initialization in 28 ms
Hibernate: insert into posts (create_date, modified_date, author, content, title) values (?, ?, ?, ?, ?)
Hibernate: select posts0_.id as id1_0_, posts0_.create_date as create_d2_0_, posts0_.modified_date as modified3_0_, posts0_.author as author4_0_, posts0_.content as content5_0_, posts0_.title as title6_0_ from posts posts0_
Hibernate: select posts0_.id as id1_0_, posts0_.create_date as create_d2_0_, posts0_.modified_date as modified3_0_, posts0_.author as author4_0_, posts0_.content as content5_0_, posts0_.title as title6_0_ from posts posts0_
Hibernate: delete from posts where id=?
2021-05-11 16:31:21.664  INFO 20128 --- [    Test worker] o.a.c.c.C.[Tomcat].[localhost].[/]       : Initializing Spring TestDispatcherServlet ''
2021-05-11 16:31:21.665  INFO 20128 --- [    Test worker] o.s.t.web.servlet.TestDispatcherServlet  : Initializing Servlet ''
2021-05-11 16:31:21.668  INFO 20128 --- [    Test worker] o.s.t.web.servlet.TestDispatcherServlet  : Completed initialization in 3 ms
Hibernate: insert into posts (create_date, modified_date, author, content, title) values (?, ?, ?, ?, ?)
Hibernate: select posts0_.id as id1_0_0_, posts0_.create_date as create_d2_0_0_, posts0_.modified_date as modified3_0_0_, posts0_.author as author4_0_0_, posts0_.content as content5_0_0_, posts0_.title as title6_0_0_ from posts posts0_ where posts0_.id=?
Hibernate: update posts set create_date=?, modified_date=?, author=?, content=?, title=? where id=?
Hibernate: select posts0_.id as id1_0_, posts0_.create_date as create_d2_0_, posts0_.modified_date as modified3_0_, posts0_.author as author4_0_, posts0_.content as content5_0_, posts0_.title as title6_0_ from posts posts0_
Hibernate: select posts0_.id as id1_0_, posts0_.create_date as create_d2_0_, posts0_.modified_date as modified3_0_, posts0_.author as author4_0_, posts0_.content as content5_0_, posts0_.title as title6_0_ from posts posts0_
Hibernate: delete from posts where id=?
]]></system-out>
  <system-err><![CDATA[]]></system-err>
</testsuite>
