<?xml version="1.0" encoding="UTF-8"?>
<testsuite name="com.seong.springboot.web.HelloControllerTest" tests="1" skipped="0" failures="0" errors="0" timestamp="2021-05-11T07:31:25" hostname="DESKTOP-EK65AIO" time="0.059">
  <properties/>
  <testcase name="helloDto가_리턴된다" classname="com.seong.springboot.web.HelloControllerTest" time="0.059"/>
  <system-out><![CDATA[2021-05-11 16:31:24.298  INFO 20128 --- [    Test worker] .b.t.a.w.s.WebMvcTestContextBootstrapper : Neither @ContextConfiguration nor @ContextHierarchy found for test class [com.seong.springboot.web.HelloControllerTest], using SpringBootContextLoader
2021-05-11 16:31:24.300  INFO 20128 --- [    Test worker] o.s.t.c.support.AbstractContextLoader    : Could not detect default resource locations for test class [com.seong.springboot.web.HelloControllerTest]: no resource found for suffixes {-context.xml, Context.groovy}.
2021-05-11 16:31:24.301  INFO 20128 --- [    Test worker] t.c.s.AnnotationConfigContextLoaderUtils : Could not detect default configuration classes for test class [com.seong.springboot.web.HelloControllerTest]: HelloControllerTest does not declare any static, non-private, non-final, nested classes annotated with @Configuration.
2021-05-11 16:31:24.324  INFO 20128 --- [    Test worker] .b.t.c.SpringBootTestContextBootstrapper : Found @SpringBootConfiguration com.seong.springboot.Application for test class com.seong.springboot.web.HelloControllerTest
2021-05-11 16:31:24.325  INFO 20128 --- [    Test worker] .b.t.a.w.s.WebMvcTestContextBootstrapper : Loaded default TestExecutionListener class names from location [META-INF/spring.factories]: [org.springframework.security.test.context.support.WithSecurityContextTestExecutionListener, org.springframework.security.test.context.support.ReactorContextTestExecutionListener, org.springframework.boot.test.autoconfigure.restdocs.RestDocsTestExecutionListener, org.springframework.boot.test.autoconfigure.web.client.MockRestServiceServerResetTestExecutionListener, org.springframework.boot.test.autoconfigure.web.servlet.MockMvcPrintOnlyOnFailureTestExecutionListener, org.springframework.boot.test.autoconfigure.web.servlet.WebDriverTestExecutionListener, org.springframework.boot.test.mock.mockito.MockitoTestExecutionListener, org.springframework.boot.test.mock.mockito.ResetMocksTestExecutionListener, org.springframework.test.context.web.ServletTestExecutionListener, org.springframework.test.context.support.DirtiesContextBeforeModesTestExecutionListener, org.springframework.test.context.support.DependencyInjectionTestExecutionListener, org.springframework.test.context.support.DirtiesContextTestExecutionListener, org.springframework.test.context.transaction.TransactionalTestExecutionListener, org.springframework.test.context.jdbc.SqlScriptsTestExecutionListener]
2021-05-11 16:31:24.327  INFO 20128 --- [    Test worker] .b.t.a.w.s.WebMvcTestContextBootstrapper : Using TestExecutionListeners: [org.springframework.test.context.web.ServletTestExecutionListener@4d3b38e8, org.springframework.test.context.support.DirtiesContextBeforeModesTestExecutionListener@3e0a8c92, org.springframework.boot.test.mock.mockito.MockitoTestExecutionListener@6e73633f, org.springframework.boot.test.autoconfigure.SpringBootDependencyInjectionTestExecutionListener@247f4b2a, org.springframework.test.context.support.DirtiesContextTestExecutionListener@3017db35, org.springframework.test.context.transaction.TransactionalTestExecutionListener@5a93afb9, org.springframework.test.context.jdbc.SqlScriptsTestExecutionListener@2f8c454f, org.springframework.security.test.context.support.WithSecurityContextTestExecutionListener@71f46d8f, org.springframework.security.test.context.support.ReactorContextTestExecutionListener@7fb4cef7, org.springframework.boot.test.autoconfigure.restdocs.RestDocsTestExecutionListener@381d48df, org.springframework.boot.test.autoconfigure.web.client.MockRestServiceServerResetTestExecutionListener@7576d4ae, org.springframework.boot.test.autoconfigure.web.servlet.MockMvcPrintOnlyOnFailureTestExecutionListener@27bc479a, org.springframework.boot.test.autoconfigure.web.servlet.WebDriverTestExecutionListener@7ea6e6ec, org.springframework.boot.test.mock.mockito.ResetMocksTestExecutionListener@2c2f0257]

  .   ____          _            __ _ _
 /\\ / ___'_ __ _ _(_)_ __  __ _ \ \ \ \
( ( )\___ | '_ | '_| | '_ \/ _` | \ \ \ \
 \\/  ___)| |_)| | | | | || (_| |  ) ) ) )
  '  |____| .__|_| |_|_| |_\__, | / / / /
 =========|_|==============|___/=/_/_/_/
 :: Spring Boot ::        (v2.1.7.RELEASE)

2021-05-11 16:31:24.386  INFO 20128 --- [    Test worker] c.s.springboot.web.HelloControllerTest   : Starting HelloControllerTest on DESKTOP-EK65AIO with PID 20128 (started by ms in C:\Users\ms\Desktop\spring\springboot-webservice)
2021-05-11 16:31:24.387  INFO 20128 --- [    Test worker] c.s.springboot.web.HelloControllerTest   : No active profile set, falling back to default profiles: default
2021-05-11 16:31:24.970  INFO 20128 --- [    Test worker] o.s.s.concurrent.ThreadPoolTaskExecutor  : Initializing ExecutorService 'applicationTaskExecutor'
2021-05-11 16:31:25.009  INFO 20128 --- [    Test worker] o.s.b.a.w.s.WelcomePageHandlerMapping    : Adding welcome page template: index
2021-05-11 16:31:25.205  INFO 20128 --- [    Test worker] o.s.b.t.m.w.SpringBootMockServletContext : Initializing Spring TestDispatcherServlet ''
2021-05-11 16:31:25.205  INFO 20128 --- [    Test worker] o.s.t.web.servlet.TestDispatcherServlet  : Initializing Servlet ''
2021-05-11 16:31:25.215  INFO 20128 --- [    Test worker] o.s.t.web.servlet.TestDispatcherServlet  : Completed initialization in 10 ms
2021-05-11 16:31:25.230  INFO 20128 --- [    Test worker] c.s.springboot.web.HelloControllerTest   : Started HelloControllerTest in 0.9 seconds (JVM running for 16.229)
]]></system-out>
  <system-err><![CDATA[]]></system-err>
</testsuite>
