<?xml version="1.0" encoding="UTF-8"?>
<testsuite name="com.seong.springboot.web.IndexControllerTest" tests="1" skipped="0" failures="0" errors="0" timestamp="2021-05-11T07:31:27" hostname="DESKTOP-EK65AIO" time="0.239">
  <properties/>
  <testcase name="메인페이지_로딩" classname="com.seong.springboot.web.IndexControllerTest" time="0.239"/>
  <system-out><![CDATA[2021-05-11 16:31:25.294  INFO 20128 --- [    Test worker] .b.t.c.SpringBootTestContextBootstrapper : Neither @ContextConfiguration nor @ContextHierarchy found for test class [com.seong.springboot.web.IndexControllerTest], using SpringBootContextLoader
2021-05-11 16:31:25.295  INFO 20128 --- [    Test worker] o.s.t.c.support.AbstractContextLoader    : Could not detect default resource locations for test class [com.seong.springboot.web.IndexControllerTest]: no resource found for suffixes {-context.xml, Context.groovy}.
2021-05-11 16:31:25.295  INFO 20128 --- [    Test worker] t.c.s.AnnotationConfigContextLoaderUtils : Could not detect default configuration classes for test class [com.seong.springboot.web.IndexControllerTest]: IndexControllerTest does not declare any static, non-private, non-final, nested classes annotated with @Configuration.
2021-05-11 16:31:25.298  INFO 20128 --- [    Test worker] .b.t.c.SpringBootTestContextBootstrapper : Found @SpringBootConfiguration com.seong.springboot.Application for test class com.seong.springboot.web.IndexControllerTest
2021-05-11 16:31:25.303  INFO 20128 --- [    Test worker] .b.t.c.SpringBootTestContextBootstrapper : Loaded default TestExecutionListener class names from location [META-INF/spring.factories]: [org.springframework.security.test.context.support.WithSecurityContextTestExecutionListener, org.springframework.security.test.context.support.ReactorContextTestExecutionListener, org.springframework.boot.test.autoconfigure.restdocs.RestDocsTestExecutionListener, org.springframework.boot.test.autoconfigure.web.client.MockRestServiceServerResetTestExecutionListener, org.springframework.boot.test.autoconfigure.web.servlet.MockMvcPrintOnlyOnFailureTestExecutionListener, org.springframework.boot.test.autoconfigure.web.servlet.WebDriverTestExecutionListener, org.springframework.boot.test.mock.mockito.MockitoTestExecutionListener, org.springframework.boot.test.mock.mockito.ResetMocksTestExecutionListener, org.springframework.test.context.web.ServletTestExecutionListener, org.springframework.test.context.support.DirtiesContextBeforeModesTestExecutionListener, org.springframework.test.context.support.DependencyInjectionTestExecutionListener, org.springframework.test.context.support.DirtiesContextTestExecutionListener, org.springframework.test.context.transaction.TransactionalTestExecutionListener, org.springframework.test.context.jdbc.SqlScriptsTestExecutionListener]
2021-05-11 16:31:25.304  INFO 20128 --- [    Test worker] .b.t.c.SpringBootTestContextBootstrapper : Using TestExecutionListeners: [org.springframework.test.context.web.ServletTestExecutionListener@2d7aaa8, org.springframework.test.context.support.DirtiesContextBeforeModesTestExecutionListener@35ad1004, org.springframework.boot.test.mock.mockito.MockitoTestExecutionListener@251a2c63, org.springframework.boot.test.autoconfigure.SpringBootDependencyInjectionTestExecutionListener@7bf0dd61, org.springframework.test.context.support.DirtiesContextTestExecutionListener@444dba5d, org.springframework.test.context.transaction.TransactionalTestExecutionListener@19bdafe0, org.springframework.test.context.jdbc.SqlScriptsTestExecutionListener@6d30f180, org.springframework.security.test.context.support.WithSecurityContextTestExecutionListener@10d63292, org.springframework.security.test.context.support.ReactorContextTestExecutionListener@3960ed87, org.springframework.boot.test.autoconfigure.restdocs.RestDocsTestExecutionListener@4dd697e4, org.springframework.boot.test.autoconfigure.web.client.MockRestServiceServerResetTestExecutionListener@2780c32f, org.springframework.boot.test.autoconfigure.web.servlet.MockMvcPrintOnlyOnFailureTestExecutionListener@6e327ef, org.springframework.boot.test.autoconfigure.web.servlet.WebDriverTestExecutionListener@3851fe61, org.springframework.boot.test.mock.mockito.ResetMocksTestExecutionListener@41413738]

  .   ____          _            __ _ _
 /\\ / ___'_ __ _ _(_)_ __  __ _ \ \ \ \
( ( )\___ | '_ | '_| | '_ \/ _` | \ \ \ \
 \\/  ___)| |_)| | | | | || (_| |  ) ) ) )
  '  |____| .__|_| |_|_| |_\__, | / / / /
 =========|_|==============|___/=/_/_/_/
 :: Spring Boot ::        (v2.1.7.RELEASE)

2021-05-11 16:31:25.344  INFO 20128 --- [    Test worker] c.s.springboot.web.IndexControllerTest   : Starting IndexControllerTest on DESKTOP-EK65AIO with PID 20128 (started by ms in C:\Users\ms\Desktop\spring\springboot-webservice)
2021-05-11 16:31:25.345  INFO 20128 --- [    Test worker] c.s.springboot.web.IndexControllerTest   : No active profile set, falling back to default profiles: default
2021-05-11 16:31:25.662  INFO 20128 --- [    Test worker] .s.d.r.c.RepositoryConfigurationDelegate : Bootstrapping Spring Data repositories in DEFAULT mode.
2021-05-11 16:31:25.705  INFO 20128 --- [    Test worker] .s.d.r.c.RepositoryConfigurationDelegate : Finished Spring Data repository scanning in 43ms. Found 2 repository interfaces.
2021-05-11 16:31:25.832  INFO 20128 --- [    Test worker] trationDelegate$BeanPostProcessorChecker : Bean 'org.springframework.transaction.annotation.ProxyTransactionManagementConfiguration' of type [org.springframework.transaction.annotation.ProxyTransactionManagementConfiguration$$EnhancerBySpringCGLIB$$d1c01906] is not eligible for getting processed by all BeanPostProcessors (for example: not eligible for auto-proxying)
2021-05-11 16:31:26.021  INFO 20128 --- [    Test worker] o.s.b.w.embedded.tomcat.TomcatWebServer  : Tomcat initialized with port(s): 0 (http)
2021-05-11 16:31:26.022  INFO 20128 --- [    Test worker] o.apache.catalina.core.StandardService   : Starting service [Tomcat]
2021-05-11 16:31:26.022  INFO 20128 --- [    Test worker] org.apache.catalina.core.StandardEngine  : Starting Servlet engine: [Apache Tomcat/9.0.22]
2021-05-11 16:31:26.075  INFO 20128 --- [    Test worker] o.a.c.c.C.[Tomcat-1].[localhost].[/]     : Initializing Spring embedded WebApplicationContext
2021-05-11 16:31:26.076  INFO 20128 --- [    Test worker] o.s.web.context.ContextLoader            : Root WebApplicationContext: initialization completed in 726 ms
2021-05-11 16:31:26.316  INFO 20128 --- [    Test worker] com.zaxxer.hikari.HikariDataSource       : HikariPool-3 - Starting...
2021-05-11 16:31:26.317  INFO 20128 --- [    Test worker] com.zaxxer.hikari.HikariDataSource       : HikariPool-3 - Start completed.
2021-05-11 16:31:26.368  INFO 20128 --- [    Test worker] o.hibernate.jpa.internal.util.LogHelper  : HHH000204: Processing PersistenceUnitInfo [
	name: default
	...]
2021-05-11 16:31:26.381  INFO 20128 --- [    Test worker] org.hibernate.dialect.Dialect            : HHH000400: Using dialect: org.hibernate.dialect.MySQL5InnoDBDialect
Hibernate: drop table if exists posts
Hibernate: drop table if exists user
Hibernate: create table posts (id bigint not null auto_increment, create_date datetime, modified_date datetime, author varchar(255), content TEXT not null, title varchar(500) not null, primary key (id)) engine=InnoDB
Hibernate: create table user (id bigint not null auto_increment, create_date datetime, modified_date datetime, email varchar(255) not null, name varchar(255) not null, picture varchar(255), role varchar(255) not null, primary key (id)) engine=InnoDB
2021-05-11 16:31:26.441  INFO 20128 --- [    Test worker] o.h.t.schema.internal.SchemaCreatorImpl  : HHH000476: Executing import script 'org.hibernate.tool.schema.internal.exec.ScriptSourceInputNonExistentImpl@24dbc36e'
2021-05-11 16:31:26.441  INFO 20128 --- [    Test worker] j.LocalContainerEntityManagerFactoryBean : Initialized JPA EntityManagerFactory for persistence unit 'default'
2021-05-11 16:31:26.746  INFO 20128 --- [    Test worker] o.h.h.i.QueryTranslatorFactoryInitiator  : HHH000397: Using ASTQueryTranslatorFactory
2021-05-11 16:31:26.934  INFO 20128 --- [    Test worker] o.s.s.web.DefaultSecurityFilterChain     : Creating filter chain: any request, [org.springframework.security.web.context.request.async.WebAsyncManagerIntegrationFilter@4666de2b, org.springframework.security.web.context.SecurityContextPersistenceFilter@fcee356, org.springframework.security.web.header.HeaderWriterFilter@4e398104, org.springframework.security.web.authentication.logout.LogoutFilter@436c0f18, org.springframework.security.oauth2.client.web.OAuth2AuthorizationRequestRedirectFilter@464f9065, org.springframework.security.oauth2.client.web.OAuth2LoginAuthenticationFilter@6fb7be3f, org.springframework.security.web.authentication.ui.DefaultLoginPageGeneratingFilter@3b409f75, org.springframework.security.web.authentication.ui.DefaultLogoutPageGeneratingFilter@95a044f, org.springframework.security.web.savedrequest.RequestCacheAwareFilter@2510d733, org.springframework.security.web.servletapi.SecurityContextHolderAwareRequestFilter@27234334, org.springframework.security.web.authentication.AnonymousAuthenticationFilter@332c61b9, org.springframework.security.web.session.SessionManagementFilter@5433782, org.springframework.security.web.access.ExceptionTranslationFilter@7bba39cd, org.springframework.security.web.access.intercept.FilterSecurityInterceptor@14bb7919]
2021-05-11 16:31:27.166  INFO 20128 --- [    Test worker] o.s.s.concurrent.ThreadPoolTaskExecutor  : Initializing ExecutorService 'applicationTaskExecutor'
2021-05-11 16:31:27.179  WARN 20128 --- [    Test worker] aWebConfiguration$JpaWebMvcConfiguration : spring.jpa.open-in-view is enabled by default. Therefore, database queries may be performed during view rendering. Explicitly configure spring.jpa.open-in-view to disable this warning
2021-05-11 16:31:27.210  INFO 20128 --- [    Test worker] o.s.b.a.w.s.WelcomePageHandlerMapping    : Adding welcome page template: index
2021-05-11 16:31:27.560  INFO 20128 --- [    Test worker] s.a.ScheduledAnnotationBeanPostProcessor : No TaskScheduler/ScheduledExecutorService bean found for scheduled processing
2021-05-11 16:31:27.566  INFO 20128 --- [    Test worker] o.s.b.w.embedded.tomcat.TomcatWebServer  : Tomcat started on port(s): 2565 (http) with context path ''
2021-05-11 16:31:27.567  INFO 20128 --- [    Test worker] c.s.springboot.web.IndexControllerTest   : Started IndexControllerTest in 2.262 seconds (JVM running for 18.566)
2021-05-11 16:31:27.698  INFO 20128 --- [o-auto-2-exec-1] o.a.c.c.C.[Tomcat-1].[localhost].[/]     : Initializing Spring DispatcherServlet 'dispatcherServlet'
2021-05-11 16:31:27.698  INFO 20128 --- [o-auto-2-exec-1] o.s.web.servlet.DispatcherServlet        : Initializing Servlet 'dispatcherServlet'
2021-05-11 16:31:27.720  INFO 20128 --- [o-auto-2-exec-1] o.s.web.servlet.DispatcherServlet        : Completed initialization in 22 ms
Hibernate: select posts0_.id as id1_0_, posts0_.create_date as create_d2_0_, posts0_.modified_date as modified3_0_, posts0_.author as author4_0_, posts0_.content as content5_0_, posts0_.title as title6_0_ from posts posts0_ order by posts0_.id DESC
]]></system-out>
  <system-err><![CDATA[]]></system-err>
</testsuite>
